{"C:\\Users\\musta\\OneDrive\\Documents\\GitHub\\software-design-project-group-28-backend\\models\\Event.js": {"path":"C:\\Users\\musta\\OneDrive\\Documents\\GitHub\\software-design-project-group-28-backend\\models\\Event.js","statementMap":{"0":{"start":{"line":1,"column":17},"end":{"line":1,"column":36}},"1":{"start":{"line":2,"column":14},"end":{"line":2,"column":32}},"2":{"start":{"line":3,"column":15},"end":{"line":3,"column":34}},"3":{"start":{"line":5,"column":20},"end":{"line":14,"column":2}},"4":{"start":{"line":17,"column":0},"end":{"line":34,"column":3}},"5":{"start":{"line":18,"column":2},"end":{"line":33,"column":3}},"6":{"start":{"line":19,"column":20},"end":{"line":19,"column":28}},"7":{"start":{"line":22,"column":27},"end":{"line":22,"column":62}},"8":{"start":{"line":23,"column":4},"end":{"line":23,"column":87}},"9":{"start":{"line":26,"column":26},"end":{"line":26,"column":69}},"10":{"start":{"line":27,"column":4},"end":{"line":27,"column":92}},"11":{"start":{"line":29,"column":4},"end":{"line":29,"column":11}},"12":{"start":{"line":31,"column":4},"end":{"line":31,"column":62}},"13":{"start":{"line":32,"column":4},"end":{"line":32,"column":16}},"14":{"start":{"line":36,"column":14},"end":{"line":36,"column":50}},"15":{"start":{"line":38,"column":0},"end":{"line":38,"column":23}}},"fnMap":{"0":{"name":"(anonymous_0)","decl":{"start":{"line":17,"column":63},"end":{"line":17,"column":64}},"loc":{"start":{"line":17,"column":84},"end":{"line":34,"column":1}},"line":17}},"branchMap":{},"s":{"0":3,"1":3,"2":3,"3":3,"4":3,"5":1,"6":1,"7":1,"8":1,"9":1,"10":1,"11":1,"12":0,"13":0,"14":3,"15":3},"f":{"0":1},"b":{},"_coverageSchema":"1a1c01bbd47fc00a2c39e90264f33305004495a9","hash":"a55aa3aee1efd42311d005a5f42600a77da7a32e"}
,"C:\\Users\\musta\\OneDrive\\Documents\\GitHub\\software-design-project-group-28-backend\\models\\Match.js": {"path":"C:\\Users\\musta\\OneDrive\\Documents\\GitHub\\software-design-project-group-28-backend\\models\\Match.js","statementMap":{"0":{"start":{"line":2,"column":17},"end":{"line":2,"column":36}},"1":{"start":{"line":4,"column":20},"end":{"line":8,"column":2}},"2":{"start":{"line":10,"column":14},"end":{"line":10,"column":50}},"3":{"start":{"line":11,"column":0},"end":{"line":11,"column":23}}},"fnMap":{},"branchMap":{},"s":{"0":3,"1":3,"2":3,"3":3},"f":{},"b":{},"_coverageSchema":"1a1c01bbd47fc00a2c39e90264f33305004495a9","hash":"1c822a503593b310ec7b5e5f8ead3fd2cc42b5a0"}
,"C:\\Users\\musta\\OneDrive\\Documents\\GitHub\\software-design-project-group-28-backend\\models\\Notifs.js": {"path":"C:\\Users\\musta\\OneDrive\\Documents\\GitHub\\software-design-project-group-28-backend\\models\\Notifs.js","statementMap":{"0":{"start":{"line":1,"column":17},"end":{"line":1,"column":36}},"1":{"start":{"line":2,"column":15},"end":{"line":2,"column":30}},"2":{"start":{"line":4,"column":21},"end":{"line":12,"column":2}},"3":{"start":{"line":14,"column":15},"end":{"line":14,"column":53}},"4":{"start":{"line":16,"column":0},"end":{"line":16,"column":24}}},"fnMap":{},"branchMap":{},"s":{"0":2,"1":2,"2":2,"3":2,"4":2},"f":{},"b":{},"_coverageSchema":"1a1c01bbd47fc00a2c39e90264f33305004495a9","hash":"01c300bcea258e273ca0625f9b49505acc4bade5"}
,"C:\\Users\\musta\\OneDrive\\Documents\\GitHub\\software-design-project-group-28-backend\\models\\Profile.js": {"path":"C:\\Users\\musta\\OneDrive\\Documents\\GitHub\\software-design-project-group-28-backend\\models\\Profile.js","statementMap":{"0":{"start":{"line":1,"column":17},"end":{"line":1,"column":36}},"1":{"start":{"line":2,"column":15},"end":{"line":2,"column":30}},"2":{"start":{"line":4,"column":22},"end":{"line":33,"column":2}},"3":{"start":{"line":36,"column":16},"end":{"line":36,"column":56}},"4":{"start":{"line":38,"column":0},"end":{"line":38,"column":25}}},"fnMap":{},"branchMap":{},"s":{"0":3,"1":3,"2":3,"3":3,"4":3},"f":{},"b":{},"_coverageSchema":"1a1c01bbd47fc00a2c39e90264f33305004495a9","hash":"1bdcc3c7f4ea0ac1b29e606a0291fd9b586186f9"}
,"C:\\Users\\musta\\OneDrive\\Documents\\GitHub\\software-design-project-group-28-backend\\models\\User.js": {"path":"C:\\Users\\musta\\OneDrive\\Documents\\GitHub\\software-design-project-group-28-backend\\models\\User.js","statementMap":{"0":{"start":{"line":1,"column":17},"end":{"line":1,"column":36}},"1":{"start":{"line":2,"column":15},"end":{"line":2,"column":30}},"2":{"start":{"line":4,"column":19},"end":{"line":9,"column":2}},"3":{"start":{"line":11,"column":13},"end":{"line":11,"column":47}},"4":{"start":{"line":12,"column":0},"end":{"line":12,"column":22}}},"fnMap":{},"branchMap":{},"s":{"0":4,"1":4,"2":4,"3":4,"4":4},"f":{},"b":{},"_coverageSchema":"1a1c01bbd47fc00a2c39e90264f33305004495a9","hash":"ff1270c3cd43765216305737120ccd44bfa2d0d4"}
,"C:\\Users\\musta\\OneDrive\\Documents\\GitHub\\software-design-project-group-28-backend\\routes\\eventRoutes.js": {"path":"C:\\Users\\musta\\OneDrive\\Documents\\GitHub\\software-design-project-group-28-backend\\routes\\eventRoutes.js","statementMap":{"0":{"start":{"line":1,"column":16},"end":{"line":1,"column":34}},"1":{"start":{"line":2,"column":15},"end":{"line":2,"column":31}},"2":{"start":{"line":3,"column":14},"end":{"line":3,"column":40}},"3":{"start":{"line":4,"column":14},"end":{"line":4,"column":40}},"4":{"start":{"line":7,"column":0},"end":{"line":15,"column":3}},"5":{"start":{"line":8,"column":2},"end":{"line":14,"column":3}},"6":{"start":{"line":9,"column":18},"end":{"line":9,"column":37}},"7":{"start":{"line":10,"column":4},"end":{"line":10,"column":23}},"8":{"start":{"line":11,"column":4},"end":{"line":11,"column":81}},"9":{"start":{"line":13,"column":4},"end":{"line":13,"column":32}},"10":{"start":{"line":18,"column":0},"end":{"line":25,"column":3}},"11":{"start":{"line":19,"column":2},"end":{"line":24,"column":3}},"12":{"start":{"line":20,"column":19},"end":{"line":20,"column":39}},"13":{"start":{"line":21,"column":4},"end":{"line":21,"column":33}},"14":{"start":{"line":23,"column":4},"end":{"line":23,"column":32}},"15":{"start":{"line":27,"column":0},"end":{"line":52,"column":3}},"16":{"start":{"line":28,"column":2},"end":{"line":51,"column":3}},"17":{"start":{"line":29,"column":19},"end":{"line":29,"column":39}},"18":{"start":{"line":30,"column":22},"end":{"line":47,"column":5}},"19":{"start":{"line":32,"column":27},"end":{"line":34,"column":27}},"20":{"start":{"line":36,"column":31},"end":{"line":36,"column":48}},"21":{"start":{"line":38,"column":8},"end":{"line":45,"column":10}},"22":{"start":{"line":41,"column":45},"end":{"line":44,"column":11}},"23":{"start":{"line":48,"column":4},"end":{"line":48,"column":36}},"24":{"start":{"line":50,"column":4},"end":{"line":50,"column":70}},"25":{"start":{"line":55,"column":0},"end":{"line":65,"column":5}},"26":{"start":{"line":56,"column":4},"end":{"line":64,"column":5}},"27":{"start":{"line":57,"column":20},"end":{"line":57,"column":55}},"28":{"start":{"line":58,"column":6},"end":{"line":60,"column":7}},"29":{"start":{"line":59,"column":8},"end":{"line":59,"column":68}},"30":{"start":{"line":61,"column":6},"end":{"line":61,"column":34}},"31":{"start":{"line":63,"column":6},"end":{"line":63,"column":71}},"32":{"start":{"line":68,"column":2},"end":{"line":78,"column":5}},"33":{"start":{"line":69,"column":4},"end":{"line":77,"column":5}},"34":{"start":{"line":70,"column":20},"end":{"line":70,"column":89}},"35":{"start":{"line":71,"column":6},"end":{"line":73,"column":7}},"36":{"start":{"line":72,"column":8},"end":{"line":72,"column":68}},"37":{"start":{"line":74,"column":6},"end":{"line":74,"column":77}},"38":{"start":{"line":76,"column":6},"end":{"line":76,"column":71}},"39":{"start":{"line":81,"column":0},"end":{"line":94,"column":3}},"40":{"start":{"line":82,"column":2},"end":{"line":93,"column":3}},"41":{"start":{"line":83,"column":18},"end":{"line":83,"column":53}},"42":{"start":{"line":84,"column":4},"end":{"line":86,"column":5}},"43":{"start":{"line":85,"column":6},"end":{"line":85,"column":66}},"44":{"start":{"line":88,"column":4},"end":{"line":88,"column":28}},"45":{"start":{"line":89,"column":4},"end":{"line":89,"column":88}},"46":{"start":{"line":91,"column":4},"end":{"line":91,"column":50}},"47":{"start":{"line":92,"column":4},"end":{"line":92,"column":89}},"48":{"start":{"line":97,"column":0},"end":{"line":97,"column":24}}},"fnMap":{"0":{"name":"(anonymous_0)","decl":{"start":{"line":7,"column":23},"end":{"line":7,"column":24}},"loc":{"start":{"line":7,"column":43},"end":{"line":15,"column":1}},"line":7},"1":{"name":"(anonymous_1)","decl":{"start":{"line":18,"column":19},"end":{"line":18,"column":20}},"loc":{"start":{"line":18,"column":39},"end":{"line":25,"column":1}},"line":18},"2":{"name":"(anonymous_2)","decl":{"start":{"line":27,"column":40},"end":{"line":27,"column":41}},"loc":{"start":{"line":27,"column":60},"end":{"line":52,"column":1}},"line":27},"3":{"name":"(anonymous_3)","decl":{"start":{"line":31,"column":17},"end":{"line":31,"column":18}},"loc":{"start":{"line":31,"column":34},"end":{"line":46,"column":7}},"line":31},"4":{"name":"(anonymous_4)","decl":{"start":{"line":41,"column":37},"end":{"line":41,"column":38}},"loc":{"start":{"line":41,"column":45},"end":{"line":44,"column":11}},"line":41},"5":{"name":"(anonymous_5)","decl":{"start":{"line":55,"column":19},"end":{"line":55,"column":20}},"loc":{"start":{"line":55,"column":39},"end":{"line":65,"column":3}},"line":55},"6":{"name":"(anonymous_6)","decl":{"start":{"line":68,"column":28},"end":{"line":68,"column":29}},"loc":{"start":{"line":68,"column":48},"end":{"line":78,"column":3}},"line":68},"7":{"name":"(anonymous_7)","decl":{"start":{"line":81,"column":29},"end":{"line":81,"column":30}},"loc":{"start":{"line":81,"column":49},"end":{"line":94,"column":1}},"line":81}},"branchMap":{"0":{"loc":{"start":{"line":58,"column":6},"end":{"line":60,"column":7}},"type":"if","locations":[{"start":{"line":58,"column":6},"end":{"line":60,"column":7}},{"start":{},"end":{}}],"line":58},"1":{"loc":{"start":{"line":71,"column":6},"end":{"line":73,"column":7}},"type":"if","locations":[{"start":{"line":71,"column":6},"end":{"line":73,"column":7}},{"start":{},"end":{}}],"line":71},"2":{"loc":{"start":{"line":84,"column":4},"end":{"line":86,"column":5}},"type":"if","locations":[{"start":{"line":84,"column":4},"end":{"line":86,"column":5}},{"start":{},"end":{}}],"line":84}},"s":{"0":1,"1":1,"2":1,"3":1,"4":1,"5":0,"6":0,"7":0,"8":0,"9":0,"10":1,"11":2,"12":2,"13":1,"14":1,"15":1,"16":2,"17":2,"18":1,"19":2,"20":0,"21":0,"22":0,"23":0,"24":2,"25":1,"26":3,"27":3,"28":2,"29":1,"30":1,"31":1,"32":1,"33":3,"34":3,"35":2,"36":1,"37":1,"38":1,"39":1,"40":3,"41":3,"42":2,"43":1,"44":1,"45":0,"46":2,"47":2,"48":1},"f":{"0":0,"1":2,"2":2,"3":2,"4":0,"5":3,"6":3,"7":3},"b":{"0":[1,1],"1":[1,1],"2":[1,1]},"_coverageSchema":"1a1c01bbd47fc00a2c39e90264f33305004495a9","hash":"d01a4e68bdeb03f51ac9f3c1ffa28e16a3be6091"}
,"C:\\Users\\musta\\OneDrive\\Documents\\GitHub\\software-design-project-group-28-backend\\routes\\historyRoutes.js": {"path":"C:\\Users\\musta\\OneDrive\\Documents\\GitHub\\software-design-project-group-28-backend\\routes\\historyRoutes.js","statementMap":{"0":{"start":{"line":1,"column":16},"end":{"line":1,"column":34}},"1":{"start":{"line":2,"column":15},"end":{"line":2,"column":31}},"2":{"start":{"line":3,"column":14},"end":{"line":3,"column":40}},"3":{"start":{"line":6,"column":0},"end":{"line":40,"column":3}},"4":{"start":{"line":7,"column":17},"end":{"line":7,"column":33}},"5":{"start":{"line":9,"column":2},"end":{"line":11,"column":3}},"6":{"start":{"line":10,"column":4},"end":{"line":10,"column":68}},"7":{"start":{"line":13,"column":2},"end":{"line":39,"column":3}},"8":{"start":{"line":14,"column":4},"end":{"line":14,"column":69}},"9":{"start":{"line":17,"column":20},"end":{"line":17,"column":99}},"10":{"start":{"line":18,"column":4},"end":{"line":18,"column":43}},"11":{"start":{"line":20,"column":4},"end":{"line":22,"column":5}},"12":{"start":{"line":21,"column":6},"end":{"line":21,"column":38}},"13":{"start":{"line":24,"column":20},"end":{"line":33,"column":7}},"14":{"start":{"line":24,"column":44},"end":{"line":33,"column":5}},"15":{"start":{"line":35,"column":4},"end":{"line":35,"column":34}},"16":{"start":{"line":37,"column":4},"end":{"line":37,"column":68}},"17":{"start":{"line":38,"column":4},"end":{"line":38,"column":74}},"18":{"start":{"line":42,"column":0},"end":{"line":42,"column":24}}},"fnMap":{"0":{"name":"(anonymous_0)","decl":{"start":{"line":6,"column":16},"end":{"line":6,"column":17}},"loc":{"start":{"line":6,"column":36},"end":{"line":40,"column":1}},"line":6},"1":{"name":"(anonymous_1)","decl":{"start":{"line":24,"column":32},"end":{"line":24,"column":33}},"loc":{"start":{"line":24,"column":44},"end":{"line":33,"column":5}},"line":24}},"branchMap":{"0":{"loc":{"start":{"line":9,"column":2},"end":{"line":11,"column":3}},"type":"if","locations":[{"start":{"line":9,"column":2},"end":{"line":11,"column":3}},{"start":{},"end":{}}],"line":9},"1":{"loc":{"start":{"line":20,"column":4},"end":{"line":22,"column":5}},"type":"if","locations":[{"start":{"line":20,"column":4},"end":{"line":22,"column":5}},{"start":{},"end":{}}],"line":20},"2":{"loc":{"start":{"line":25,"column":17},"end":{"line":25,"column":60}},"type":"binary-expr","locations":[{"start":{"line":25,"column":17},"end":{"line":25,"column":41}},{"start":{"line":25,"column":45},"end":{"line":25,"column":60}}],"line":25},"3":{"loc":{"start":{"line":26,"column":24},"end":{"line":26,"column":84}},"type":"binary-expr","locations":[{"start":{"line":26,"column":24},"end":{"line":26,"column":55}},{"start":{"line":26,"column":59},"end":{"line":26,"column":84}}],"line":26},"4":{"loc":{"start":{"line":27,"column":16},"end":{"line":27,"column":58}},"type":"binary-expr","locations":[{"start":{"line":27,"column":16},"end":{"line":27,"column":39}},{"start":{"line":27,"column":43},"end":{"line":27,"column":58}}],"line":27},"5":{"loc":{"start":{"line":28,"column":22},"end":{"line":28,"column":57}},"type":"binary-expr","locations":[{"start":{"line":28,"column":22},"end":{"line":28,"column":51}},{"start":{"line":28,"column":55},"end":{"line":28,"column":57}}],"line":28},"6":{"loc":{"start":{"line":29,"column":15},"end":{"line":29,"column":46}},"type":"binary-expr","locations":[{"start":{"line":29,"column":15},"end":{"line":29,"column":37}},{"start":{"line":29,"column":41},"end":{"line":29,"column":46}}],"line":29},"7":{"loc":{"start":{"line":30,"column":17},"end":{"line":30,"column":69}},"type":"binary-expr","locations":[{"start":{"line":30,"column":17},"end":{"line":30,"column":41}},{"start":{"line":30,"column":45},"end":{"line":30,"column":69}}],"line":30},"8":{"loc":{"start":{"line":31,"column":27},"end":{"line":31,"column":65}},"type":"binary-expr","locations":[{"start":{"line":31,"column":27},"end":{"line":31,"column":52}},{"start":{"line":31,"column":56},"end":{"line":31,"column":65}}],"line":31}},"s":{"0":1,"1":1,"2":1,"3":1,"4":7,"5":7,"6":1,"7":6,"8":6,"9":6,"10":3,"11":3,"12":1,"13":2,"14":2,"15":2,"16":3,"17":3,"18":1},"f":{"0":7,"1":2},"b":{"0":[1,6],"1":[1,2],"2":[2,1],"3":[2,1],"4":[2,1],"5":[2,1],"6":[2,1],"7":[2,1],"8":[2,0]},"_coverageSchema":"1a1c01bbd47fc00a2c39e90264f33305004495a9","hash":"20c684f71b03dd7b406d109b88bac63bb93f2fac"}
,"C:\\Users\\musta\\OneDrive\\Documents\\GitHub\\software-design-project-group-28-backend\\routes\\loginRoutes.js": {"path":"C:\\Users\\musta\\OneDrive\\Documents\\GitHub\\software-design-project-group-28-backend\\routes\\loginRoutes.js","statementMap":{"0":{"start":{"line":1,"column":16},"end":{"line":1,"column":34}},"1":{"start":{"line":2,"column":15},"end":{"line":2,"column":31}},"2":{"start":{"line":3,"column":15},"end":{"line":3,"column":32}},"3":{"start":{"line":4,"column":12},"end":{"line":4,"column":35}},"4":{"start":{"line":5,"column":13},"end":{"line":5,"column":38}},"5":{"start":{"line":8,"column":0},"end":{"line":30,"column":3}},"6":{"start":{"line":9,"column":30},"end":{"line":9,"column":38}},"7":{"start":{"line":11,"column":2},"end":{"line":29,"column":3}},"8":{"start":{"line":12,"column":17},"end":{"line":12,"column":46}},"9":{"start":{"line":13,"column":4},"end":{"line":15,"column":5}},"10":{"start":{"line":14,"column":6},"end":{"line":14,"column":70}},"11":{"start":{"line":17,"column":28},"end":{"line":17,"column":73}},"12":{"start":{"line":18,"column":4},"end":{"line":20,"column":5}},"13":{"start":{"line":19,"column":6},"end":{"line":19,"column":70}},"14":{"start":{"line":22,"column":18},"end":{"line":22,"column":89}},"15":{"start":{"line":25,"column":4},"end":{"line":25,"column":63}},"16":{"start":{"line":27,"column":4},"end":{"line":27,"column":41}},"17":{"start":{"line":28,"column":4},"end":{"line":28,"column":54}},"18":{"start":{"line":32,"column":0},"end":{"line":32,"column":24}}},"fnMap":{"0":{"name":"(anonymous_0)","decl":{"start":{"line":8,"column":17},"end":{"line":8,"column":18}},"loc":{"start":{"line":8,"column":37},"end":{"line":30,"column":1}},"line":8}},"branchMap":{"0":{"loc":{"start":{"line":13,"column":4},"end":{"line":15,"column":5}},"type":"if","locations":[{"start":{"line":13,"column":4},"end":{"line":15,"column":5}},{"start":{},"end":{}}],"line":13},"1":{"loc":{"start":{"line":18,"column":4},"end":{"line":20,"column":5}},"type":"if","locations":[{"start":{"line":18,"column":4},"end":{"line":20,"column":5}},{"start":{},"end":{}}],"line":18}},"s":{"0":1,"1":1,"2":1,"3":1,"4":1,"5":1,"6":4,"7":4,"8":4,"9":3,"10":1,"11":2,"12":2,"13":2,"14":0,"15":0,"16":1,"17":1,"18":1},"f":{"0":4},"b":{"0":[1,2],"1":[2,0]},"_coverageSchema":"1a1c01bbd47fc00a2c39e90264f33305004495a9","hash":"be22b050ef6657fbb60e4f67d6ec93bb73eea894"}
,"C:\\Users\\musta\\OneDrive\\Documents\\GitHub\\software-design-project-group-28-backend\\routes\\matchingRoutes.js": {"path":"C:\\Users\\musta\\OneDrive\\Documents\\GitHub\\software-design-project-group-28-backend\\routes\\matchingRoutes.js","statementMap":{"0":{"start":{"line":3,"column":16},"end":{"line":3,"column":34}},"1":{"start":{"line":4,"column":15},"end":{"line":4,"column":31}},"2":{"start":{"line":5,"column":17},"end":{"line":5,"column":36}},"3":{"start":{"line":6,"column":14},"end":{"line":6,"column":40}},"4":{"start":{"line":7,"column":15},"end":{"line":7,"column":42}},"5":{"start":{"line":8,"column":13},"end":{"line":8,"column":38}},"6":{"start":{"line":9,"column":16},"end":{"line":9,"column":44}},"7":{"start":{"line":10,"column":14},"end":{"line":10,"column":40}},"8":{"start":{"line":13,"column":22},"end":{"line":18,"column":1}},"9":{"start":{"line":14,"column":12},"end":{"line":14,"column":26}},"10":{"start":{"line":15,"column":2},"end":{"line":15,"column":29}},"11":{"start":{"line":16,"column":2},"end":{"line":16,"column":25}},"12":{"start":{"line":17,"column":2},"end":{"line":17,"column":11}},"13":{"start":{"line":21,"column":0},"end":{"line":39,"column":3}},"14":{"start":{"line":22,"column":2},"end":{"line":38,"column":3}},"15":{"start":{"line":23,"column":20},"end":{"line":25,"column":58}},"16":{"start":{"line":27,"column":22},"end":{"line":33,"column":7}},"17":{"start":{"line":27,"column":46},"end":{"line":33,"column":5}},"18":{"start":{"line":35,"column":4},"end":{"line":35,"column":36}},"19":{"start":{"line":37,"column":4},"end":{"line":37,"column":71}},"20":{"start":{"line":47,"column":0},"end":{"line":222,"column":3}},"21":{"start":{"line":48,"column":2},"end":{"line":48,"column":53}},"22":{"start":{"line":50,"column":36},"end":{"line":50,"column":44}},"23":{"start":{"line":52,"column":2},"end":{"line":221,"column":3}},"24":{"start":{"line":54,"column":4},"end":{"line":56,"column":5}},"25":{"start":{"line":55,"column":6},"end":{"line":55,"column":94}},"26":{"start":{"line":59,"column":4},"end":{"line":61,"column":5}},"27":{"start":{"line":60,"column":6},"end":{"line":60,"column":71}},"28":{"start":{"line":64,"column":18},"end":{"line":64,"column":20}},"29":{"start":{"line":65,"column":4},"end":{"line":73,"column":5}},"30":{"start":{"line":66,"column":6},"end":{"line":66,"column":23}},"31":{"start":{"line":67,"column":11},"end":{"line":73,"column":5}},"32":{"start":{"line":68,"column":6},"end":{"line":68,"column":25}},"33":{"start":{"line":69,"column":11},"end":{"line":73,"column":5}},"34":{"start":{"line":70,"column":6},"end":{"line":70,"column":19}},"35":{"start":{"line":72,"column":6},"end":{"line":72,"column":108}},"36":{"start":{"line":76,"column":4},"end":{"line":78,"column":5}},"37":{"start":{"line":77,"column":6},"end":{"line":77,"column":74}},"38":{"start":{"line":81,"column":26},"end":{"line":81,"column":62}},"39":{"start":{"line":83,"column":4},"end":{"line":217,"column":5}},"40":{"start":{"line":85,"column":6},"end":{"line":87,"column":7}},"41":{"start":{"line":86,"column":8},"end":{"line":86,"column":105}},"42":{"start":{"line":90,"column":6},"end":{"line":94,"column":7}},"43":{"start":{"line":91,"column":8},"end":{"line":93,"column":9}},"44":{"start":{"line":92,"column":10},"end":{"line":92,"column":83}},"45":{"start":{"line":97,"column":28},"end":{"line":97,"column":78}},"46":{"start":{"line":97,"column":46},"end":{"line":97,"column":77}},"47":{"start":{"line":100,"column":20},"end":{"line":100,"column":55}},"48":{"start":{"line":101,"column":6},"end":{"line":103,"column":7}},"49":{"start":{"line":102,"column":8},"end":{"line":102,"column":69}},"50":{"start":{"line":106,"column":20},"end":{"line":106,"column":68}},"51":{"start":{"line":107,"column":6},"end":{"line":109,"column":7}},"52":{"start":{"line":108,"column":8},"end":{"line":108,"column":81}},"53":{"start":{"line":112,"column":30},"end":{"line":115,"column":25}},"54":{"start":{"line":117,"column":30},"end":{"line":117,"column":83}},"55":{"start":{"line":117,"column":59},"end":{"line":117,"column":82}},"56":{"start":{"line":120,"column":25},"end":{"line":120,"column":76}},"57":{"start":{"line":120,"column":46},"end":{"line":120,"column":75}},"58":{"start":{"line":122,"column":6},"end":{"line":124,"column":7}},"59":{"start":{"line":123,"column":8},"end":{"line":123,"column":98}},"60":{"start":{"line":127,"column":25},"end":{"line":130,"column":9}},"61":{"start":{"line":127,"column":51},"end":{"line":130,"column":7}},"62":{"start":{"line":132,"column":6},"end":{"line":132,"column":41}},"63":{"start":{"line":135,"column":28},"end":{"line":146,"column":8}},"64":{"start":{"line":136,"column":21},"end":{"line":136,"column":65}},"65":{"start":{"line":136,"column":37},"end":{"line":136,"column":64}},"66":{"start":{"line":137,"column":8},"end":{"line":145,"column":10}},"67":{"start":{"line":148,"column":6},"end":{"line":148,"column":45}},"68":{"start":{"line":150,"column":6},"end":{"line":153,"column":9}},"69":{"start":{"line":154,"column":11},"end":{"line":217,"column":5}},"70":{"start":{"line":155,"column":6},"end":{"line":216,"column":7}},"71":{"start":{"line":157,"column":8},"end":{"line":161,"column":9}},"72":{"start":{"line":158,"column":10},"end":{"line":160,"column":11}},"73":{"start":{"line":159,"column":12},"end":{"line":159,"column":85}},"74":{"start":{"line":163,"column":30},"end":{"line":163,"column":82}},"75":{"start":{"line":163,"column":50},"end":{"line":163,"column":81}},"76":{"start":{"line":166,"column":31},"end":{"line":169,"column":10}},"77":{"start":{"line":171,"column":8},"end":{"line":173,"column":9}},"78":{"start":{"line":172,"column":10},"end":{"line":172,"column":84}},"79":{"start":{"line":176,"column":22},"end":{"line":176,"column":57}},"80":{"start":{"line":177,"column":8},"end":{"line":179,"column":9}},"81":{"start":{"line":178,"column":10},"end":{"line":178,"column":71}},"82":{"start":{"line":181,"column":30},"end":{"line":195,"column":9}},"83":{"start":{"line":183,"column":33},"end":{"line":191,"column":13}},"84":{"start":{"line":193,"column":12},"end":{"line":193,"column":53}},"85":{"start":{"line":197,"column":8},"end":{"line":201,"column":11}},"86":{"start":{"line":204,"column":31},"end":{"line":206,"column":10}},"87":{"start":{"line":208,"column":8},"end":{"line":210,"column":9}},"88":{"start":{"line":209,"column":10},"end":{"line":209,"column":84}},"89":{"start":{"line":212,"column":8},"end":{"line":215,"column":11}},"90":{"start":{"line":219,"column":4},"end":{"line":219,"column":67}},"91":{"start":{"line":220,"column":4},"end":{"line":220,"column":67}},"92":{"start":{"line":229,"column":0},"end":{"line":240,"column":3}},"93":{"start":{"line":230,"column":2},"end":{"line":239,"column":3}},"94":{"start":{"line":231,"column":20},"end":{"line":233,"column":49}},"95":{"start":{"line":235,"column":4},"end":{"line":235,"column":34}},"96":{"start":{"line":237,"column":4},"end":{"line":237,"column":52}},"97":{"start":{"line":238,"column":4},"end":{"line":238,"column":65}},"98":{"start":{"line":242,"column":0},"end":{"line":285,"column":3}},"99":{"start":{"line":243,"column":2},"end":{"line":284,"column":3}},"100":{"start":{"line":245,"column":29},"end":{"line":278,"column":6}},"101":{"start":{"line":280,"column":4},"end":{"line":280,"column":43}},"102":{"start":{"line":282,"column":4},"end":{"line":282,"column":62}},"103":{"start":{"line":283,"column":4},"end":{"line":283,"column":75}},"104":{"start":{"line":293,"column":0},"end":{"line":342,"column":3}},"105":{"start":{"line":294,"column":22},"end":{"line":294,"column":30}},"106":{"start":{"line":296,"column":2},"end":{"line":341,"column":3}},"107":{"start":{"line":298,"column":4},"end":{"line":300,"column":5}},"108":{"start":{"line":299,"column":6},"end":{"line":299,"column":71}},"109":{"start":{"line":303,"column":4},"end":{"line":305,"column":5}},"110":{"start":{"line":304,"column":6},"end":{"line":304,"column":74}},"111":{"start":{"line":308,"column":18},"end":{"line":308,"column":47}},"112":{"start":{"line":310,"column":4},"end":{"line":312,"column":5}},"113":{"start":{"line":311,"column":6},"end":{"line":311,"column":67}},"114":{"start":{"line":315,"column":32},"end":{"line":315,"column":62}},"115":{"start":{"line":316,"column":4},"end":{"line":316,"column":65}},"116":{"start":{"line":319,"column":24},"end":{"line":319,"column":61}},"117":{"start":{"line":320,"column":4},"end":{"line":320,"column":63}},"118":{"start":{"line":321,"column":4},"end":{"line":324,"column":7}},"119":{"start":{"line":322,"column":37},"end":{"line":322,"column":76}},"120":{"start":{"line":323,"column":6},"end":{"line":323,"column":101}},"121":{"start":{"line":327,"column":28},"end":{"line":330,"column":23}},"122":{"start":{"line":332,"column":4},"end":{"line":332,"column":73}},"123":{"start":{"line":333,"column":4},"end":{"line":335,"column":7}},"124":{"start":{"line":334,"column":6},"end":{"line":334,"column":121}},"125":{"start":{"line":337,"column":4},"end":{"line":337,"column":42}},"126":{"start":{"line":339,"column":4},"end":{"line":339,"column":55}},"127":{"start":{"line":340,"column":4},"end":{"line":340,"column":68}},"128":{"start":{"line":344,"column":0},"end":{"line":344,"column":24}}},"fnMap":{"0":{"name":"(anonymous_0)","decl":{"start":{"line":13,"column":22},"end":{"line":13,"column":23}},"loc":{"start":{"line":13,"column":32},"end":{"line":18,"column":1}},"line":13},"1":{"name":"(anonymous_1)","decl":{"start":{"line":21,"column":19},"end":{"line":21,"column":20}},"loc":{"start":{"line":21,"column":39},"end":{"line":39,"column":1}},"line":21},"2":{"name":"(anonymous_2)","decl":{"start":{"line":27,"column":34},"end":{"line":27,"column":35}},"loc":{"start":{"line":27,"column":46},"end":{"line":33,"column":5}},"line":27},"3":{"name":"(anonymous_3)","decl":{"start":{"line":47,"column":23},"end":{"line":47,"column":24}},"loc":{"start":{"line":47,"column":43},"end":{"line":222,"column":1}},"line":47},"4":{"name":"(anonymous_4)","decl":{"start":{"line":97,"column":40},"end":{"line":97,"column":41}},"loc":{"start":{"line":97,"column":46},"end":{"line":97,"column":77}},"line":97},"5":{"name":"(anonymous_5)","decl":{"start":{"line":117,"column":50},"end":{"line":117,"column":51}},"loc":{"start":{"line":117,"column":59},"end":{"line":117,"column":82}},"line":117},"6":{"name":"(anonymous_6)","decl":{"start":{"line":120,"column":40},"end":{"line":120,"column":41}},"loc":{"start":{"line":120,"column":46},"end":{"line":120,"column":75}},"line":120},"7":{"name":"(anonymous_7)","decl":{"start":{"line":127,"column":40},"end":{"line":127,"column":41}},"loc":{"start":{"line":127,"column":51},"end":{"line":130,"column":7}},"line":127},"8":{"name":"(anonymous_8)","decl":{"start":{"line":135,"column":43},"end":{"line":135,"column":44}},"loc":{"start":{"line":135,"column":53},"end":{"line":146,"column":7}},"line":135},"9":{"name":"(anonymous_9)","decl":{"start":{"line":136,"column":32},"end":{"line":136,"column":33}},"loc":{"start":{"line":136,"column":37},"end":{"line":136,"column":64}},"line":136},"10":{"name":"(anonymous_10)","decl":{"start":{"line":163,"column":42},"end":{"line":163,"column":43}},"loc":{"start":{"line":163,"column":50},"end":{"line":163,"column":81}},"line":163},"11":{"name":"(anonymous_11)","decl":{"start":{"line":182,"column":28},"end":{"line":182,"column":29}},"loc":{"start":{"line":182,"column":46},"end":{"line":194,"column":11}},"line":182},"12":{"name":"(anonymous_12)","decl":{"start":{"line":229,"column":23},"end":{"line":229,"column":24}},"loc":{"start":{"line":229,"column":43},"end":{"line":240,"column":1}},"line":229},"13":{"name":"(anonymous_13)","decl":{"start":{"line":242,"column":33},"end":{"line":242,"column":34}},"loc":{"start":{"line":242,"column":53},"end":{"line":285,"column":1}},"line":242},"14":{"name":"(anonymous_14)","decl":{"start":{"line":293,"column":22},"end":{"line":293,"column":23}},"loc":{"start":{"line":293,"column":42},"end":{"line":342,"column":1}},"line":293},"15":{"name":"(anonymous_15)","decl":{"start":{"line":321,"column":24},"end":{"line":321,"column":25}},"loc":{"start":{"line":321,"column":37},"end":{"line":324,"column":5}},"line":321},"16":{"name":"(anonymous_16)","decl":{"start":{"line":333,"column":28},"end":{"line":333,"column":29}},"loc":{"start":{"line":333,"column":39},"end":{"line":335,"column":5}},"line":333}},"branchMap":{"0":{"loc":{"start":{"line":28,"column":16},"end":{"line":28,"column":43}},"type":"binary-expr","locations":[{"start":{"line":28,"column":16},"end":{"line":28,"column":34}},{"start":{"line":28,"column":38},"end":{"line":28,"column":43}}],"line":28},"1":{"loc":{"start":{"line":29,"column":17},"end":{"line":29,"column":45}},"type":"binary-expr","locations":[{"start":{"line":29,"column":17},"end":{"line":29,"column":36}},{"start":{"line":29,"column":40},"end":{"line":29,"column":45}}],"line":29},"2":{"loc":{"start":{"line":30,"column":17},"end":{"line":30,"column":50}},"type":"binary-expr","locations":[{"start":{"line":30,"column":17},"end":{"line":30,"column":41}},{"start":{"line":30,"column":45},"end":{"line":30,"column":50}}],"line":30},"3":{"loc":{"start":{"line":31,"column":17},"end":{"line":31,"column":50}},"type":"binary-expr","locations":[{"start":{"line":31,"column":17},"end":{"line":31,"column":41}},{"start":{"line":31,"column":45},"end":{"line":31,"column":50}}],"line":31},"4":{"loc":{"start":{"line":32,"column":21},"end":{"line":32,"column":53}},"type":"binary-expr","locations":[{"start":{"line":32,"column":21},"end":{"line":32,"column":44}},{"start":{"line":32,"column":48},"end":{"line":32,"column":53}}],"line":32},"5":{"loc":{"start":{"line":54,"column":4},"end":{"line":56,"column":5}},"type":"if","locations":[{"start":{"line":54,"column":4},"end":{"line":56,"column":5}},{"start":{},"end":{}}],"line":54},"6":{"loc":{"start":{"line":59,"column":4},"end":{"line":61,"column":5}},"type":"if","locations":[{"start":{"line":59,"column":4},"end":{"line":61,"column":5}},{"start":{},"end":{}}],"line":59},"7":{"loc":{"start":{"line":65,"column":4},"end":{"line":73,"column":5}},"type":"if","locations":[{"start":{"line":65,"column":4},"end":{"line":73,"column":5}},{"start":{"line":67,"column":11},"end":{"line":73,"column":5}}],"line":65},"8":{"loc":{"start":{"line":67,"column":11},"end":{"line":73,"column":5}},"type":"if","locations":[{"start":{"line":67,"column":11},"end":{"line":73,"column":5}},{"start":{"line":69,"column":11},"end":{"line":73,"column":5}}],"line":67},"9":{"loc":{"start":{"line":69,"column":11},"end":{"line":73,"column":5}},"type":"if","locations":[{"start":{"line":69,"column":11},"end":{"line":73,"column":5}},{"start":{"line":71,"column":11},"end":{"line":73,"column":5}}],"line":69},"10":{"loc":{"start":{"line":69,"column":15},"end":{"line":69,"column":54}},"type":"binary-expr","locations":[{"start":{"line":69,"column":15},"end":{"line":69,"column":35}},{"start":{"line":69,"column":39},"end":{"line":69,"column":54}}],"line":69},"11":{"loc":{"start":{"line":76,"column":4},"end":{"line":78,"column":5}},"type":"if","locations":[{"start":{"line":76,"column":4},"end":{"line":78,"column":5}},{"start":{},"end":{}}],"line":76},"12":{"loc":{"start":{"line":83,"column":4},"end":{"line":217,"column":5}},"type":"if","locations":[{"start":{"line":83,"column":4},"end":{"line":217,"column":5}},{"start":{"line":154,"column":11},"end":{"line":217,"column":5}}],"line":83},"13":{"loc":{"start":{"line":85,"column":6},"end":{"line":87,"column":7}},"type":"if","locations":[{"start":{"line":85,"column":6},"end":{"line":87,"column":7}},{"start":{},"end":{}}],"line":85},"14":{"loc":{"start":{"line":91,"column":8},"end":{"line":93,"column":9}},"type":"if","locations":[{"start":{"line":91,"column":8},"end":{"line":93,"column":9}},{"start":{},"end":{}}],"line":91},"15":{"loc":{"start":{"line":101,"column":6},"end":{"line":103,"column":7}},"type":"if","locations":[{"start":{"line":101,"column":6},"end":{"line":103,"column":7}},{"start":{},"end":{}}],"line":101},"16":{"loc":{"start":{"line":107,"column":6},"end":{"line":109,"column":7}},"type":"if","locations":[{"start":{"line":107,"column":6},"end":{"line":109,"column":7}},{"start":{},"end":{}}],"line":107},"17":{"loc":{"start":{"line":122,"column":6},"end":{"line":124,"column":7}},"type":"if","locations":[{"start":{"line":122,"column":6},"end":{"line":124,"column":7}},{"start":{},"end":{}}],"line":122},"18":{"loc":{"start":{"line":154,"column":11},"end":{"line":217,"column":5}},"type":"if","locations":[{"start":{"line":154,"column":11},"end":{"line":217,"column":5}},{"start":{},"end":{}}],"line":154},"19":{"loc":{"start":{"line":155,"column":6},"end":{"line":216,"column":7}},"type":"if","locations":[{"start":{"line":155,"column":6},"end":{"line":216,"column":7}},{"start":{"line":202,"column":13},"end":{"line":216,"column":7}}],"line":155},"20":{"loc":{"start":{"line":158,"column":10},"end":{"line":160,"column":11}},"type":"if","locations":[{"start":{"line":158,"column":10},"end":{"line":160,"column":11}},{"start":{},"end":{}}],"line":158},"21":{"loc":{"start":{"line":171,"column":8},"end":{"line":173,"column":9}},"type":"if","locations":[{"start":{"line":171,"column":8},"end":{"line":173,"column":9}},{"start":{},"end":{}}],"line":171},"22":{"loc":{"start":{"line":177,"column":8},"end":{"line":179,"column":9}},"type":"if","locations":[{"start":{"line":177,"column":8},"end":{"line":179,"column":9}},{"start":{},"end":{}}],"line":177},"23":{"loc":{"start":{"line":208,"column":8},"end":{"line":210,"column":9}},"type":"if","locations":[{"start":{"line":208,"column":8},"end":{"line":210,"column":9}},{"start":{},"end":{}}],"line":208},"24":{"loc":{"start":{"line":298,"column":4},"end":{"line":300,"column":5}},"type":"if","locations":[{"start":{"line":298,"column":4},"end":{"line":300,"column":5}},{"start":{},"end":{}}],"line":298},"25":{"loc":{"start":{"line":303,"column":4},"end":{"line":305,"column":5}},"type":"if","locations":[{"start":{"line":303,"column":4},"end":{"line":305,"column":5}},{"start":{},"end":{}}],"line":303},"26":{"loc":{"start":{"line":310,"column":4},"end":{"line":312,"column":5}},"type":"if","locations":[{"start":{"line":310,"column":4},"end":{"line":312,"column":5}},{"start":{},"end":{}}],"line":310},"27":{"loc":{"start":{"line":323,"column":27},"end":{"line":323,"column":56}},"type":"binary-expr","locations":[{"start":{"line":323,"column":27},"end":{"line":323,"column":43}},{"start":{"line":323,"column":47},"end":{"line":323,"column":56}}],"line":323}},"s":{"0":1,"1":1,"2":1,"3":1,"4":1,"5":1,"6":1,"7":1,"8":1,"9":3,"10":3,"11":3,"12":3,"13":1,"14":3,"15":3,"16":2,"17":1,"18":2,"19":1,"20":1,"21":8,"22":8,"23":8,"24":8,"25":1,"26":7,"27":1,"28":6,"29":6,"30":0,"31":6,"32":4,"33":2,"34":2,"35":0,"36":6,"37":0,"38":6,"39":6,"40":3,"41":0,"42":3,"43":3,"44":0,"45":3,"46":3,"47":3,"48":3,"49":0,"50":3,"51":3,"52":0,"53":3,"54":0,"55":0,"56":0,"57":0,"58":0,"59":0,"60":0,"61":0,"62":0,"63":0,"64":0,"65":0,"66":0,"67":0,"68":0,"69":3,"70":3,"71":1,"72":1,"73":0,"74":1,"75":1,"76":1,"77":1,"78":0,"79":1,"80":1,"81":0,"82":1,"83":1,"84":1,"85":1,"86":2,"87":1,"88":0,"89":1,"90":4,"91":4,"92":1,"93":0,"94":0,"95":0,"96":0,"97":0,"98":1,"99":2,"100":2,"101":1,"102":1,"103":1,"104":1,"105":5,"106":5,"107":5,"108":1,"109":4,"110":0,"111":4,"112":4,"113":1,"114":3,"115":3,"116":3,"117":0,"118":0,"119":0,"120":0,"121":0,"122":0,"123":0,"124":0,"125":0,"126":3,"127":3,"128":1},"f":{"0":3,"1":3,"2":1,"3":8,"4":3,"5":0,"6":0,"7":0,"8":0,"9":0,"10":1,"11":1,"12":0,"13":2,"14":5,"15":0,"16":0},"b":{"0":[1,0],"1":[1,0],"2":[1,0],"3":[1,0],"4":[1,0],"5":[1,7],"6":[1,6],"7":[0,6],"8":[4,2],"9":[2,0],"10":[2,0],"11":[0,6],"12":[3,3],"13":[0,3],"14":[0,3],"15":[0,3],"16":[0,3],"17":[0,0],"18":[3,0],"19":[1,2],"20":[0,1],"21":[0,1],"22":[0,1],"23":[0,1],"24":[1,4],"25":[0,4],"26":[1,3],"27":[0,0]},"_coverageSchema":"1a1c01bbd47fc00a2c39e90264f33305004495a9","hash":"5ae46a85033053a961af9bb21b042e8373fbade7"}
,"C:\\Users\\musta\\OneDrive\\Documents\\GitHub\\software-design-project-group-28-backend\\routes\\notifsRoutes.js": {"path":"C:\\Users\\musta\\OneDrive\\Documents\\GitHub\\software-design-project-group-28-backend\\routes\\notifsRoutes.js","statementMap":{"0":{"start":{"line":1,"column":16},"end":{"line":1,"column":34}},"1":{"start":{"line":2,"column":15},"end":{"line":2,"column":31}},"2":{"start":{"line":3,"column":15},"end":{"line":3,"column":42}},"3":{"start":{"line":4,"column":14},"end":{"line":4,"column":40}},"4":{"start":{"line":5,"column":13},"end":{"line":5,"column":33}},"5":{"start":{"line":6,"column":15},"end":{"line":6,"column":32}},"6":{"start":{"line":9,"column":0},"end":{"line":49,"column":3}},"7":{"start":{"line":10,"column":41},"end":{"line":10,"column":49}},"8":{"start":{"line":11,"column":2},"end":{"line":48,"column":3}},"9":{"start":{"line":13,"column":18},"end":{"line":13,"column":47}},"10":{"start":{"line":15,"column":4},"end":{"line":17,"column":5}},"11":{"start":{"line":16,"column":6},"end":{"line":16,"column":67}},"12":{"start":{"line":19,"column":25},"end":{"line":26,"column":5}},"13":{"start":{"line":28,"column":4},"end":{"line":40,"column":5}},"14":{"start":{"line":30,"column":8},"end":{"line":30,"column":60}},"15":{"start":{"line":31,"column":8},"end":{"line":31,"column":14}},"16":{"start":{"line":33,"column":8},"end":{"line":33,"column":57}},"17":{"start":{"line":34,"column":8},"end":{"line":34,"column":14}},"18":{"start":{"line":36,"column":8},"end":{"line":36,"column":66}},"19":{"start":{"line":37,"column":8},"end":{"line":37,"column":14}},"20":{"start":{"line":39,"column":8},"end":{"line":39,"column":79}},"21":{"start":{"line":43,"column":30},"end":{"line":43,"column":63}},"22":{"start":{"line":44,"column":4},"end":{"line":44,"column":95}},"23":{"start":{"line":46,"column":4},"end":{"line":46,"column":25}},"24":{"start":{"line":47,"column":4},"end":{"line":47,"column":114}},"25":{"start":{"line":52,"column":0},"end":{"line":91,"column":3}},"26":{"start":{"line":53,"column":4},"end":{"line":90,"column":5}},"27":{"start":{"line":54,"column":28},"end":{"line":54,"column":36}},"28":{"start":{"line":55,"column":28},"end":{"line":55,"column":51}},"29":{"start":{"line":58,"column":31},"end":{"line":63,"column":10}},"30":{"start":{"line":66,"column":30},"end":{"line":84,"column":11}},"31":{"start":{"line":67,"column":41},"end":{"line":67,"column":115}},"32":{"start":{"line":69,"column":12},"end":{"line":83,"column":13}},"33":{"start":{"line":70,"column":37},"end":{"line":77,"column":17}},"34":{"start":{"line":79,"column":16},"end":{"line":79,"column":57}},"35":{"start":{"line":81,"column":16},"end":{"line":81,"column":113}},"36":{"start":{"line":82,"column":16},"end":{"line":82,"column":28}},"37":{"start":{"line":86,"column":37},"end":{"line":86,"column":96}},"38":{"start":{"line":86,"column":74},"end":{"line":86,"column":95}},"39":{"start":{"line":87,"column":8},"end":{"line":87,"column":110}},"40":{"start":{"line":89,"column":8},"end":{"line":89,"column":90}},"41":{"start":{"line":94,"column":0},"end":{"line":110,"column":3}},"42":{"start":{"line":95,"column":29},"end":{"line":95,"column":37}},"43":{"start":{"line":96,"column":4},"end":{"line":109,"column":5}},"44":{"start":{"line":97,"column":29},"end":{"line":103,"column":9}},"45":{"start":{"line":104,"column":34},"end":{"line":104,"column":67}},"46":{"start":{"line":105,"column":8},"end":{"line":105,"column":99}},"47":{"start":{"line":107,"column":8},"end":{"line":107,"column":29}},"48":{"start":{"line":108,"column":8},"end":{"line":108,"column":118}},"49":{"start":{"line":113,"column":0},"end":{"line":143,"column":3}},"50":{"start":{"line":114,"column":33},"end":{"line":114,"column":41}},"51":{"start":{"line":116,"column":4},"end":{"line":142,"column":5}},"52":{"start":{"line":117,"column":22},"end":{"line":117,"column":51}},"53":{"start":{"line":119,"column":8},"end":{"line":121,"column":9}},"54":{"start":{"line":120,"column":12},"end":{"line":120,"column":73}},"55":{"start":{"line":124,"column":30},"end":{"line":136,"column":11}},"56":{"start":{"line":125,"column":33},"end":{"line":133,"column":13}},"57":{"start":{"line":135,"column":12},"end":{"line":135,"column":53}},"58":{"start":{"line":138,"column":8},"end":{"line":138,"column":114}},"59":{"start":{"line":140,"column":8},"end":{"line":140,"column":80}},"60":{"start":{"line":141,"column":8},"end":{"line":141,"column":119}},"61":{"start":{"line":146,"column":0},"end":{"line":162,"column":3}},"62":{"start":{"line":147,"column":4},"end":{"line":161,"column":5}},"63":{"start":{"line":148,"column":27},"end":{"line":148,"column":36}},"64":{"start":{"line":149,"column":28},"end":{"line":149,"column":30}},"65":{"start":{"line":151,"column":8},"end":{"line":155,"column":9}},"66":{"start":{"line":152,"column":12},"end":{"line":152,"column":88}},"67":{"start":{"line":154,"column":12},"end":{"line":154,"column":72}},"68":{"start":{"line":157,"column":8},"end":{"line":157,"column":32}},"69":{"start":{"line":159,"column":8},"end":{"line":159,"column":29}},"70":{"start":{"line":160,"column":8},"end":{"line":160,"column":115}},"71":{"start":{"line":164,"column":0},"end":{"line":164,"column":24}}},"fnMap":{"0":{"name":"(anonymous_0)","decl":{"start":{"line":9,"column":23},"end":{"line":9,"column":24}},"loc":{"start":{"line":9,"column":43},"end":{"line":49,"column":1}},"line":9},"1":{"name":"(anonymous_1)","decl":{"start":{"line":52,"column":29},"end":{"line":52,"column":30}},"loc":{"start":{"line":52,"column":41},"end":{"line":91,"column":1}},"line":52},"2":{"name":"(anonymous_2)","decl":{"start":{"line":66,"column":67},"end":{"line":66,"column":68}},"loc":{"start":{"line":66,"column":84},"end":{"line":84,"column":9}},"line":66},"3":{"name":"(anonymous_3)","decl":{"start":{"line":86,"column":58},"end":{"line":86,"column":59}},"loc":{"start":{"line":86,"column":74},"end":{"line":86,"column":95}},"line":86},"4":{"name":"(anonymous_4)","decl":{"start":{"line":94,"column":23},"end":{"line":94,"column":24}},"loc":{"start":{"line":94,"column":43},"end":{"line":110,"column":1}},"line":94},"5":{"name":"(anonymous_5)","decl":{"start":{"line":113,"column":24},"end":{"line":113,"column":25}},"loc":{"start":{"line":113,"column":44},"end":{"line":143,"column":1}},"line":113},"6":{"name":"(anonymous_6)","decl":{"start":{"line":124,"column":60},"end":{"line":124,"column":61}},"loc":{"start":{"line":124,"column":78},"end":{"line":136,"column":9}},"line":124},"7":{"name":"(anonymous_7)","decl":{"start":{"line":146,"column":19},"end":{"line":146,"column":20}},"loc":{"start":{"line":146,"column":39},"end":{"line":162,"column":1}},"line":146}},"branchMap":{"0":{"loc":{"start":{"line":15,"column":4},"end":{"line":17,"column":5}},"type":"if","locations":[{"start":{"line":15,"column":4},"end":{"line":17,"column":5}},{"start":{},"end":{}}],"line":15},"1":{"loc":{"start":{"line":28,"column":4},"end":{"line":40,"column":5}},"type":"switch","locations":[{"start":{"line":29,"column":6},"end":{"line":31,"column":14}},{"start":{"line":32,"column":6},"end":{"line":34,"column":14}},{"start":{"line":35,"column":6},"end":{"line":37,"column":14}},{"start":{"line":38,"column":6},"end":{"line":39,"column":79}}],"line":28},"2":{"loc":{"start":{"line":69,"column":12},"end":{"line":83,"column":13}},"type":"if","locations":[{"start":{"line":69,"column":12},"end":{"line":83,"column":13}},{"start":{"line":80,"column":19},"end":{"line":83,"column":13}}],"line":69},"3":{"loc":{"start":{"line":119,"column":8},"end":{"line":121,"column":9}},"type":"if","locations":[{"start":{"line":119,"column":8},"end":{"line":121,"column":9}},{"start":{},"end":{}}],"line":119},"4":{"loc":{"start":{"line":151,"column":8},"end":{"line":155,"column":9}},"type":"if","locations":[{"start":{"line":151,"column":8},"end":{"line":155,"column":9}},{"start":{"line":153,"column":15},"end":{"line":155,"column":9}}],"line":151}},"s":{"0":1,"1":1,"2":1,"3":1,"4":1,"5":1,"6":1,"7":4,"8":4,"9":4,"10":3,"11":2,"12":1,"13":1,"14":1,"15":1,"16":0,"17":0,"18":0,"19":0,"20":0,"21":1,"22":1,"23":1,"24":1,"25":1,"26":0,"27":0,"28":0,"29":0,"30":0,"31":0,"32":0,"33":0,"34":0,"35":0,"36":0,"37":0,"38":0,"39":0,"40":0,"41":1,"42":3,"43":3,"44":3,"45":3,"46":2,"47":1,"48":1,"49":1,"50":4,"51":4,"52":4,"53":3,"54":1,"55":2,"56":2,"57":2,"58":2,"59":1,"60":1,"61":1,"62":3,"63":3,"64":3,"65":3,"66":1,"67":2,"68":0,"69":3,"70":3,"71":1},"f":{"0":4,"1":0,"2":0,"3":0,"4":3,"5":4,"6":2,"7":3},"b":{"0":[2,1],"1":[1,0,0,0],"2":[0,0],"3":[1,2],"4":[1,2]},"_coverageSchema":"1a1c01bbd47fc00a2c39e90264f33305004495a9","hash":"dbc4c893482f40d07a8b05ec3744d1ba23bec7e8"}
,"C:\\Users\\musta\\OneDrive\\Documents\\GitHub\\software-design-project-group-28-backend\\routes\\profileRoutes.js": {"path":"C:\\Users\\musta\\OneDrive\\Documents\\GitHub\\software-design-project-group-28-backend\\routes\\profileRoutes.js","statementMap":{"0":{"start":{"line":1,"column":16},"end":{"line":1,"column":34}},"1":{"start":{"line":2,"column":15},"end":{"line":2,"column":31}},"2":{"start":{"line":3,"column":16},"end":{"line":3,"column":44}},"3":{"start":{"line":4,"column":13},"end":{"line":4,"column":38}},"4":{"start":{"line":7,"column":0},"end":{"line":70,"column":3}},"5":{"start":{"line":8,"column":104},"end":{"line":8,"column":112}},"6":{"start":{"line":10,"column":2},"end":{"line":10,"column":60}},"7":{"start":{"line":12,"column":2},"end":{"line":69,"column":3}},"8":{"start":{"line":14,"column":17},"end":{"line":14,"column":44}},"9":{"start":{"line":15,"column":4},"end":{"line":18,"column":5}},"10":{"start":{"line":16,"column":6},"end":{"line":16,"column":53}},"11":{"start":{"line":17,"column":6},"end":{"line":17,"column":65}},"12":{"start":{"line":19,"column":4},"end":{"line":19,"column":37}},"13":{"start":{"line":22,"column":30},"end":{"line":22,"column":82}},"14":{"start":{"line":22,"column":61},"end":{"line":22,"column":81}},"15":{"start":{"line":23,"column":4},"end":{"line":23,"column":68}},"16":{"start":{"line":26,"column":18},"end":{"line":26,"column":57}},"17":{"start":{"line":27,"column":4},"end":{"line":65,"column":5}},"18":{"start":{"line":28,"column":6},"end":{"line":28,"column":71}},"19":{"start":{"line":31,"column":6},"end":{"line":31,"column":34}},"20":{"start":{"line":32,"column":6},"end":{"line":32,"column":34}},"21":{"start":{"line":33,"column":6},"end":{"line":33,"column":40}},"22":{"start":{"line":34,"column":6},"end":{"line":34,"column":26}},"23":{"start":{"line":35,"column":6},"end":{"line":35,"column":28}},"24":{"start":{"line":36,"column":6},"end":{"line":36,"column":24}},"25":{"start":{"line":37,"column":6},"end":{"line":37,"column":30}},"26":{"start":{"line":38,"column":6},"end":{"line":38,"column":46}},"27":{"start":{"line":39,"column":6},"end":{"line":39,"column":47}},"28":{"start":{"line":42,"column":29},"end":{"line":42,"column":49}},"29":{"start":{"line":43,"column":6},"end":{"line":43,"column":67}},"30":{"start":{"line":44,"column":6},"end":{"line":44,"column":104}},"31":{"start":{"line":46,"column":6},"end":{"line":46,"column":79}},"32":{"start":{"line":49,"column":25},"end":{"line":60,"column":8}},"33":{"start":{"line":62,"column":27},"end":{"line":62,"column":50}},"34":{"start":{"line":63,"column":6},"end":{"line":63,"column":65}},"35":{"start":{"line":64,"column":6},"end":{"line":64,"column":102}},"36":{"start":{"line":67,"column":4},"end":{"line":67,"column":61}},"37":{"start":{"line":68,"column":4},"end":{"line":68,"column":61}},"38":{"start":{"line":74,"column":0},"end":{"line":92,"column":3}},"39":{"start":{"line":75,"column":21},"end":{"line":75,"column":31}},"40":{"start":{"line":77,"column":2},"end":{"line":79,"column":3}},"41":{"start":{"line":78,"column":4},"end":{"line":78,"column":75}},"42":{"start":{"line":81,"column":2},"end":{"line":91,"column":3}},"43":{"start":{"line":82,"column":20},"end":{"line":82,"column":59}},"44":{"start":{"line":83,"column":4},"end":{"line":85,"column":5}},"45":{"start":{"line":84,"column":6},"end":{"line":84,"column":68}},"46":{"start":{"line":87,"column":4},"end":{"line":87,"column":41}},"47":{"start":{"line":89,"column":4},"end":{"line":89,"column":52}},"48":{"start":{"line":90,"column":4},"end":{"line":90,"column":61}},"49":{"start":{"line":94,"column":0},"end":{"line":120,"column":3}},"50":{"start":{"line":95,"column":21},"end":{"line":95,"column":31}},"51":{"start":{"line":97,"column":2},"end":{"line":99,"column":3}},"52":{"start":{"line":98,"column":4},"end":{"line":98,"column":75}},"53":{"start":{"line":101,"column":2},"end":{"line":119,"column":3}},"54":{"start":{"line":102,"column":20},"end":{"line":102,"column":59}},"55":{"start":{"line":103,"column":4},"end":{"line":105,"column":5}},"56":{"start":{"line":104,"column":6},"end":{"line":104,"column":68}},"57":{"start":{"line":107,"column":17},"end":{"line":107,"column":44}},"58":{"start":{"line":108,"column":17},"end":{"line":108,"column":26}},"59":{"start":{"line":112,"column":4},"end":{"line":115,"column":7}},"60":{"start":{"line":117,"column":4},"end":{"line":117,"column":52}},"61":{"start":{"line":118,"column":4},"end":{"line":118,"column":61}},"62":{"start":{"line":122,"column":0},"end":{"line":122,"column":24}}},"fnMap":{"0":{"name":"(anonymous_0)","decl":{"start":{"line":7,"column":17},"end":{"line":7,"column":18}},"loc":{"start":{"line":7,"column":37},"end":{"line":70,"column":1}},"line":7},"1":{"name":"(anonymous_1)","decl":{"start":{"line":22,"column":47},"end":{"line":22,"column":48}},"loc":{"start":{"line":22,"column":61},"end":{"line":22,"column":81}},"line":22},"2":{"name":"(anonymous_2)","decl":{"start":{"line":74,"column":23},"end":{"line":74,"column":24}},"loc":{"start":{"line":74,"column":43},"end":{"line":92,"column":1}},"line":74},"3":{"name":"(anonymous_3)","decl":{"start":{"line":94,"column":28},"end":{"line":94,"column":29}},"loc":{"start":{"line":94,"column":48},"end":{"line":120,"column":1}},"line":94}},"branchMap":{"0":{"loc":{"start":{"line":15,"column":4},"end":{"line":18,"column":5}},"type":"if","locations":[{"start":{"line":15,"column":4},"end":{"line":18,"column":5}},{"start":{},"end":{}}],"line":15},"1":{"loc":{"start":{"line":27,"column":4},"end":{"line":65,"column":5}},"type":"if","locations":[{"start":{"line":27,"column":4},"end":{"line":65,"column":5}},{"start":{"line":45,"column":11},"end":{"line":65,"column":5}}],"line":27},"2":{"loc":{"start":{"line":33,"column":25},"end":{"line":33,"column":39}},"type":"binary-expr","locations":[{"start":{"line":33,"column":25},"end":{"line":33,"column":33}},{"start":{"line":33,"column":37},"end":{"line":33,"column":39}}],"line":33},"3":{"loc":{"start":{"line":38,"column":28},"end":{"line":38,"column":45}},"type":"binary-expr","locations":[{"start":{"line":38,"column":28},"end":{"line":38,"column":39}},{"start":{"line":38,"column":43},"end":{"line":38,"column":45}}],"line":38},"4":{"loc":{"start":{"line":77,"column":2},"end":{"line":79,"column":3}},"type":"if","locations":[{"start":{"line":77,"column":2},"end":{"line":79,"column":3}},{"start":{},"end":{}}],"line":77},"5":{"loc":{"start":{"line":77,"column":6},"end":{"line":77,"column":39}},"type":"binary-expr","locations":[{"start":{"line":77,"column":6},"end":{"line":77,"column":13}},{"start":{"line":77,"column":17},"end":{"line":77,"column":39}}],"line":77},"6":{"loc":{"start":{"line":83,"column":4},"end":{"line":85,"column":5}},"type":"if","locations":[{"start":{"line":83,"column":4},"end":{"line":85,"column":5}},{"start":{},"end":{}}],"line":83},"7":{"loc":{"start":{"line":97,"column":2},"end":{"line":99,"column":3}},"type":"if","locations":[{"start":{"line":97,"column":2},"end":{"line":99,"column":3}},{"start":{},"end":{}}],"line":97},"8":{"loc":{"start":{"line":97,"column":6},"end":{"line":97,"column":39}},"type":"binary-expr","locations":[{"start":{"line":97,"column":6},"end":{"line":97,"column":13}},{"start":{"line":97,"column":17},"end":{"line":97,"column":39}}],"line":97},"9":{"loc":{"start":{"line":103,"column":4},"end":{"line":105,"column":5}},"type":"if","locations":[{"start":{"line":103,"column":4},"end":{"line":105,"column":5}},{"start":{},"end":{}}],"line":103}},"s":{"0":1,"1":1,"2":1,"3":1,"4":1,"5":5,"6":5,"7":5,"8":5,"9":4,"10":2,"11":2,"12":2,"13":2,"14":2,"15":2,"16":2,"17":2,"18":1,"19":1,"20":1,"21":1,"22":1,"23":1,"24":1,"25":1,"26":1,"27":1,"28":1,"29":1,"30":1,"31":1,"32":1,"33":1,"34":1,"35":1,"36":1,"37":1,"38":1,"39":3,"40":3,"41":0,"42":3,"43":3,"44":2,"45":1,"46":1,"47":1,"48":1,"49":1,"50":3,"51":3,"52":0,"53":3,"54":3,"55":3,"56":0,"57":3,"58":2,"59":1,"60":2,"61":2,"62":1},"f":{"0":5,"1":2,"2":3,"3":3},"b":{"0":[2,2],"1":[1,1],"2":[1,1],"3":[1,0],"4":[0,3],"5":[3,3],"6":[1,1],"7":[0,3],"8":[3,3],"9":[0,3]},"_coverageSchema":"1a1c01bbd47fc00a2c39e90264f33305004495a9","hash":"225f1fb2ab4aabb6e01bd81426a2cc915eb56f86"}
,"C:\\Users\\musta\\OneDrive\\Documents\\GitHub\\software-design-project-group-28-backend\\routes\\registrationRoutes.js": {"path":"C:\\Users\\musta\\OneDrive\\Documents\\GitHub\\software-design-project-group-28-backend\\routes\\registrationRoutes.js","statementMap":{"0":{"start":{"line":1,"column":16},"end":{"line":1,"column":34}},"1":{"start":{"line":2,"column":15},"end":{"line":2,"column":31}},"2":{"start":{"line":3,"column":13},"end":{"line":3,"column":38}},"3":{"start":{"line":4,"column":16},"end":{"line":4,"column":44}},"4":{"start":{"line":5,"column":15},"end":{"line":5,"column":32}},"5":{"start":{"line":6,"column":12},"end":{"line":6,"column":35}},"6":{"start":{"line":9,"column":0},"end":{"line":65,"column":3}},"7":{"start":{"line":10,"column":38},"end":{"line":10,"column":46}},"8":{"start":{"line":12,"column":4},"end":{"line":64,"column":5}},"9":{"start":{"line":14,"column":29},"end":{"line":14,"column":58}},"10":{"start":{"line":15,"column":8},"end":{"line":17,"column":9}},"11":{"start":{"line":16,"column":12},"end":{"line":16,"column":77}},"12":{"start":{"line":20,"column":31},"end":{"line":20,"column":62}},"13":{"start":{"line":23,"column":24},"end":{"line":27,"column":10}},"14":{"start":{"line":29,"column":8},"end":{"line":29,"column":29}},"15":{"start":{"line":31,"column":8},"end":{"line":31,"column":59}},"16":{"start":{"line":34,"column":27},"end":{"line":45,"column":10}},"17":{"start":{"line":47,"column":8},"end":{"line":47,"column":32}},"18":{"start":{"line":48,"column":8},"end":{"line":48,"column":65}},"19":{"start":{"line":51,"column":22},"end":{"line":53,"column":10}},"20":{"start":{"line":55,"column":8},"end":{"line":60,"column":11}},"21":{"start":{"line":62,"column":8},"end":{"line":62,"column":59}},"22":{"start":{"line":63,"column":8},"end":{"line":63,"column":65}},"23":{"start":{"line":67,"column":0},"end":{"line":67,"column":24}}},"fnMap":{"0":{"name":"(anonymous_0)","decl":{"start":{"line":9,"column":17},"end":{"line":9,"column":18}},"loc":{"start":{"line":9,"column":37},"end":{"line":65,"column":1}},"line":9}},"branchMap":{"0":{"loc":{"start":{"line":15,"column":8},"end":{"line":17,"column":9}},"type":"if","locations":[{"start":{"line":15,"column":8},"end":{"line":17,"column":9}},{"start":{},"end":{}}],"line":15}},"s":{"0":1,"1":1,"2":1,"3":1,"4":1,"5":1,"6":1,"7":3,"8":3,"9":3,"10":2,"11":1,"12":1,"13":1,"14":1,"15":1,"16":1,"17":1,"18":1,"19":1,"20":1,"21":1,"22":1,"23":1},"f":{"0":3},"b":{"0":[1,1]},"_coverageSchema":"1a1c01bbd47fc00a2c39e90264f33305004495a9","hash":"a2c7fffe73b7a5e46698aac14611f32551825b3b"}
}
