TN:
SF:models\Event.js
FN:17,(anonymous_0)
FNF:1
FNH:1
FNDA:1,(anonymous_0)
DA:1,3
DA:2,3
DA:3,3
DA:5,3
DA:17,3
DA:18,1
DA:19,1
DA:22,1
DA:23,1
DA:26,1
DA:27,1
DA:29,1
DA:31,0
DA:32,0
DA:36,3
DA:38,3
LF:16
LH:14
BRF:0
BRH:0
end_of_record
TN:
SF:models\Match.js
FNF:0
FNH:0
DA:2,3
DA:4,3
DA:10,3
DA:11,3
LF:4
LH:4
BRF:0
BRH:0
end_of_record
TN:
SF:models\Notifs.js
FNF:0
FNH:0
DA:1,2
DA:2,2
DA:4,2
DA:14,2
DA:16,2
LF:5
LH:5
BRF:0
BRH:0
end_of_record
TN:
SF:models\Profile.js
FNF:0
FNH:0
DA:1,3
DA:2,3
DA:4,3
DA:36,3
DA:38,3
LF:5
LH:5
BRF:0
BRH:0
end_of_record
TN:
SF:models\User.js
FNF:0
FNH:0
DA:1,4
DA:2,4
DA:4,4
DA:11,4
DA:12,4
LF:5
LH:5
BRF:0
BRH:0
end_of_record
TN:
SF:routes\eventRoutes.js
FN:7,(anonymous_0)
FN:18,(anonymous_1)
FN:27,(anonymous_2)
FN:31,(anonymous_3)
FN:41,(anonymous_4)
FN:55,(anonymous_5)
FN:68,(anonymous_6)
FN:81,(anonymous_7)
FNF:8
FNH:6
FNDA:0,(anonymous_0)
FNDA:2,(anonymous_1)
FNDA:2,(anonymous_2)
FNDA:2,(anonymous_3)
FNDA:0,(anonymous_4)
FNDA:3,(anonymous_5)
FNDA:3,(anonymous_6)
FNDA:3,(anonymous_7)
DA:1,1
DA:2,1
DA:3,1
DA:4,1
DA:7,1
DA:8,0
DA:9,0
DA:10,0
DA:11,0
DA:13,0
DA:18,1
DA:19,2
DA:20,2
DA:21,1
DA:23,1
DA:27,1
DA:28,2
DA:29,2
DA:30,1
DA:32,2
DA:36,0
DA:38,0
DA:41,0
DA:48,0
DA:50,2
DA:55,1
DA:56,3
DA:57,3
DA:58,2
DA:59,1
DA:61,1
DA:63,1
DA:68,1
DA:69,3
DA:70,3
DA:71,2
DA:72,1
DA:74,1
DA:76,1
DA:81,1
DA:82,3
DA:83,3
DA:84,2
DA:85,1
DA:88,1
DA:89,0
DA:91,2
DA:92,2
DA:97,1
LF:49
LH:39
BRDA:58,0,0,1
BRDA:58,0,1,1
BRDA:71,1,0,1
BRDA:71,1,1,1
BRDA:84,2,0,1
BRDA:84,2,1,1
BRF:6
BRH:6
end_of_record
TN:
SF:routes\historyRoutes.js
FN:6,(anonymous_0)
FN:24,(anonymous_1)
FNF:2
FNH:2
FNDA:7,(anonymous_0)
FNDA:2,(anonymous_1)
DA:1,1
DA:2,1
DA:3,1
DA:6,1
DA:7,7
DA:9,7
DA:10,1
DA:13,6
DA:14,6
DA:17,6
DA:18,3
DA:20,3
DA:21,1
DA:24,2
DA:35,2
DA:37,3
DA:38,3
DA:42,1
LF:18
LH:18
BRDA:9,0,0,1
BRDA:9,0,1,6
BRDA:20,1,0,1
BRDA:20,1,1,2
BRDA:25,2,0,2
BRDA:25,2,1,1
BRDA:26,3,0,2
BRDA:26,3,1,1
BRDA:27,4,0,2
BRDA:27,4,1,1
BRDA:28,5,0,2
BRDA:28,5,1,1
BRDA:29,6,0,2
BRDA:29,6,1,1
BRDA:30,7,0,2
BRDA:30,7,1,1
BRDA:31,8,0,2
BRDA:31,8,1,0
BRF:18
BRH:17
end_of_record
TN:
SF:routes\loginRoutes.js
FN:8,(anonymous_0)
FNF:1
FNH:1
FNDA:4,(anonymous_0)
DA:1,1
DA:2,1
DA:3,1
DA:4,1
DA:5,1
DA:8,1
DA:9,4
DA:11,4
DA:12,4
DA:13,3
DA:14,1
DA:17,2
DA:18,2
DA:19,2
DA:22,0
DA:25,0
DA:27,1
DA:28,1
DA:32,1
LF:19
LH:17
BRDA:13,0,0,1
BRDA:13,0,1,2
BRDA:18,1,0,2
BRDA:18,1,1,0
BRF:4
BRH:3
end_of_record
TN:
SF:routes\matchingRoutes.js
FN:13,(anonymous_0)
FN:21,(anonymous_1)
FN:27,(anonymous_2)
FN:47,(anonymous_3)
FN:97,(anonymous_4)
FN:117,(anonymous_5)
FN:120,(anonymous_6)
FN:127,(anonymous_7)
FN:135,(anonymous_8)
FN:136,(anonymous_9)
FN:163,(anonymous_10)
FN:182,(anonymous_11)
FN:229,(anonymous_12)
FN:242,(anonymous_13)
FN:293,(anonymous_14)
FN:321,(anonymous_15)
FN:333,(anonymous_16)
FNF:17
FNH:9
FNDA:3,(anonymous_0)
FNDA:3,(anonymous_1)
FNDA:1,(anonymous_2)
FNDA:8,(anonymous_3)
FNDA:3,(anonymous_4)
FNDA:0,(anonymous_5)
FNDA:0,(anonymous_6)
FNDA:0,(anonymous_7)
FNDA:0,(anonymous_8)
FNDA:0,(anonymous_9)
FNDA:1,(anonymous_10)
FNDA:1,(anonymous_11)
FNDA:0,(anonymous_12)
FNDA:2,(anonymous_13)
FNDA:5,(anonymous_14)
FNDA:0,(anonymous_15)
FNDA:0,(anonymous_16)
DA:3,1
DA:4,1
DA:5,1
DA:6,1
DA:7,1
DA:8,1
DA:9,1
DA:10,1
DA:13,1
DA:14,3
DA:15,3
DA:16,3
DA:17,3
DA:21,1
DA:22,3
DA:23,3
DA:27,2
DA:35,2
DA:37,1
DA:47,1
DA:48,8
DA:50,8
DA:52,8
DA:54,8
DA:55,1
DA:59,7
DA:60,1
DA:64,6
DA:65,6
DA:66,0
DA:67,6
DA:68,4
DA:69,2
DA:70,2
DA:72,0
DA:76,6
DA:77,0
DA:81,6
DA:83,6
DA:85,3
DA:86,0
DA:90,3
DA:91,3
DA:92,0
DA:97,3
DA:100,3
DA:101,3
DA:102,0
DA:106,3
DA:107,3
DA:108,0
DA:112,3
DA:117,0
DA:120,0
DA:122,0
DA:123,0
DA:127,0
DA:132,0
DA:135,0
DA:136,0
DA:137,0
DA:148,0
DA:150,0
DA:154,3
DA:155,3
DA:157,1
DA:158,1
DA:159,0
DA:163,1
DA:166,1
DA:171,1
DA:172,0
DA:176,1
DA:177,1
DA:178,0
DA:181,1
DA:183,1
DA:193,1
DA:197,1
DA:204,2
DA:208,1
DA:209,0
DA:212,1
DA:219,4
DA:220,4
DA:229,1
DA:230,0
DA:231,0
DA:235,0
DA:237,0
DA:238,0
DA:242,1
DA:243,2
DA:245,2
DA:280,1
DA:282,1
DA:283,1
DA:293,1
DA:294,5
DA:296,5
DA:298,5
DA:299,1
DA:303,4
DA:304,0
DA:308,4
DA:310,4
DA:311,1
DA:315,3
DA:316,3
DA:319,3
DA:320,0
DA:321,0
DA:322,0
DA:323,0
DA:327,0
DA:332,0
DA:333,0
DA:334,0
DA:337,0
DA:339,3
DA:340,3
DA:344,1
LF:122
LH:85
BRDA:28,0,0,1
BRDA:28,0,1,0
BRDA:29,1,0,1
BRDA:29,1,1,0
BRDA:30,2,0,1
BRDA:30,2,1,0
BRDA:31,3,0,1
BRDA:31,3,1,0
BRDA:32,4,0,1
BRDA:32,4,1,0
BRDA:54,5,0,1
BRDA:54,5,1,7
BRDA:59,6,0,1
BRDA:59,6,1,6
BRDA:65,7,0,0
BRDA:65,7,1,6
BRDA:67,8,0,4
BRDA:67,8,1,2
BRDA:69,9,0,2
BRDA:69,9,1,0
BRDA:69,10,0,2
BRDA:69,10,1,0
BRDA:76,11,0,0
BRDA:76,11,1,6
BRDA:83,12,0,3
BRDA:83,12,1,3
BRDA:85,13,0,0
BRDA:85,13,1,3
BRDA:91,14,0,0
BRDA:91,14,1,3
BRDA:101,15,0,0
BRDA:101,15,1,3
BRDA:107,16,0,0
BRDA:107,16,1,3
BRDA:122,17,0,0
BRDA:122,17,1,0
BRDA:154,18,0,3
BRDA:154,18,1,0
BRDA:155,19,0,1
BRDA:155,19,1,2
BRDA:158,20,0,0
BRDA:158,20,1,1
BRDA:171,21,0,0
BRDA:171,21,1,1
BRDA:177,22,0,0
BRDA:177,22,1,1
BRDA:208,23,0,0
BRDA:208,23,1,1
BRDA:298,24,0,1
BRDA:298,24,1,4
BRDA:303,25,0,0
BRDA:303,25,1,4
BRDA:310,26,0,1
BRDA:310,26,1,3
BRDA:323,27,0,0
BRDA:323,27,1,0
BRF:56
BRH:33
end_of_record
TN:
SF:routes\notifsRoutes.js
FN:9,(anonymous_0)
FN:52,(anonymous_1)
FN:66,(anonymous_2)
FN:86,(anonymous_3)
FN:94,(anonymous_4)
FN:113,(anonymous_5)
FN:124,(anonymous_6)
FN:146,(anonymous_7)
FNF:8
FNH:5
FNDA:4,(anonymous_0)
FNDA:0,(anonymous_1)
FNDA:0,(anonymous_2)
FNDA:0,(anonymous_3)
FNDA:3,(anonymous_4)
FNDA:4,(anonymous_5)
FNDA:2,(anonymous_6)
FNDA:3,(anonymous_7)
DA:1,1
DA:2,1
DA:3,1
DA:4,1
DA:5,1
DA:6,1
DA:9,1
DA:10,4
DA:11,4
DA:13,4
DA:15,3
DA:16,2
DA:19,1
DA:28,1
DA:30,1
DA:31,1
DA:33,0
DA:34,0
DA:36,0
DA:37,0
DA:39,0
DA:43,1
DA:44,1
DA:46,1
DA:47,1
DA:52,1
DA:53,0
DA:54,0
DA:55,0
DA:58,0
DA:66,0
DA:67,0
DA:69,0
DA:70,0
DA:79,0
DA:81,0
DA:82,0
DA:86,0
DA:87,0
DA:89,0
DA:94,1
DA:95,3
DA:96,3
DA:97,3
DA:104,3
DA:105,2
DA:107,1
DA:108,1
DA:113,1
DA:114,4
DA:116,4
DA:117,4
DA:119,3
DA:120,1
DA:124,2
DA:125,2
DA:135,2
DA:138,2
DA:140,1
DA:141,1
DA:146,1
DA:147,3
DA:148,3
DA:149,3
DA:151,3
DA:152,1
DA:154,2
DA:157,0
DA:159,3
DA:160,3
DA:164,1
LF:71
LH:51
BRDA:15,0,0,2
BRDA:15,0,1,1
BRDA:28,1,0,1
BRDA:28,1,1,0
BRDA:28,1,2,0
BRDA:28,1,3,0
BRDA:69,2,0,0
BRDA:69,2,1,0
BRDA:119,3,0,1
BRDA:119,3,1,2
BRDA:151,4,0,1
BRDA:151,4,1,2
BRF:12
BRH:7
end_of_record
TN:
SF:routes\profileRoutes.js
FN:7,(anonymous_0)
FN:22,(anonymous_1)
FN:74,(anonymous_2)
FN:94,(anonymous_3)
FNF:4
FNH:4
FNDA:5,(anonymous_0)
FNDA:2,(anonymous_1)
FNDA:3,(anonymous_2)
FNDA:3,(anonymous_3)
DA:1,1
DA:2,1
DA:3,1
DA:4,1
DA:7,1
DA:8,5
DA:10,5
DA:12,5
DA:14,5
DA:15,4
DA:16,2
DA:17,2
DA:19,2
DA:22,2
DA:23,2
DA:26,2
DA:27,2
DA:28,1
DA:31,1
DA:32,1
DA:33,1
DA:34,1
DA:35,1
DA:36,1
DA:37,1
DA:38,1
DA:39,1
DA:42,1
DA:43,1
DA:44,1
DA:46,1
DA:49,1
DA:62,1
DA:63,1
DA:64,1
DA:67,1
DA:68,1
DA:74,1
DA:75,3
DA:77,3
DA:78,0
DA:81,3
DA:82,3
DA:83,2
DA:84,1
DA:87,1
DA:89,1
DA:90,1
DA:94,1
DA:95,3
DA:97,3
DA:98,0
DA:101,3
DA:102,3
DA:103,3
DA:104,0
DA:107,3
DA:108,2
DA:112,1
DA:117,2
DA:118,2
DA:122,1
LF:62
LH:59
BRDA:15,0,0,2
BRDA:15,0,1,2
BRDA:27,1,0,1
BRDA:27,1,1,1
BRDA:33,2,0,1
BRDA:33,2,1,1
BRDA:38,3,0,1
BRDA:38,3,1,0
BRDA:77,4,0,0
BRDA:77,4,1,3
BRDA:77,5,0,3
BRDA:77,5,1,3
BRDA:83,6,0,1
BRDA:83,6,1,1
BRDA:97,7,0,0
BRDA:97,7,1,3
BRDA:97,8,0,3
BRDA:97,8,1,3
BRDA:103,9,0,0
BRDA:103,9,1,3
BRF:20
BRH:16
end_of_record
TN:
SF:routes\registrationRoutes.js
FN:9,(anonymous_0)
FNF:1
FNH:1
FNDA:3,(anonymous_0)
DA:1,1
DA:2,1
DA:3,1
DA:4,1
DA:5,1
DA:6,1
DA:9,1
DA:10,3
DA:12,3
DA:14,3
DA:15,2
DA:16,1
DA:20,1
DA:23,1
DA:29,1
DA:31,1
DA:34,1
DA:47,1
DA:48,1
DA:51,1
DA:55,1
DA:62,1
DA:63,1
DA:67,1
LF:24
LH:24
BRDA:15,0,0,1
BRDA:15,0,1,1
BRF:2
BRH:2
end_of_record
